2022-09-18T19:16:21+00:00 CRITICAL Uncaught Error: Call to undefined function esc_html_() in /home/lmirzay/public_html/projekat/wp-content/themes/astra-child/functions.php:45
Stack trace:
#0 /home/lmirzay/public_html/projekat/wp-includes/class-wp-hook.php(307): change_cart_text('Product', 'Product', 'woocommerce')
#1 /home/lmirzay/public_html/projekat/wp-includes/plugin.php(191): WP_Hook->apply_filters('Product', Array)
#2 /home/lmirzay/public_html/projekat/wp-includes/l10n.php(197): apply_filters('gettext', 'Product', 'Product', 'woocommerce')
#3 /home/lmirzay/public_html/projekat/wp-includes/l10n.php(379): translate('Product', 'woocommerce')
#4 /home/lmirzay/public_html/projekat/wp-content/plugins/woocommerce/templates/cart/cart.php(30): esc_html_e('Product', 'woocommerce')
#5 /home/lmirzay/public_html/projekat/wp-content/plugins/woocommerce/includes/wc-core-functions.php(345): include('/home/lmirzay/p...')
#6 /home/lmirzay/public_html/projekat/wp-content/plugins/woocommerce/includes/shortcodes/class-wc-shortcode-cart.php(99): wc_get_template('cart/cart.php')
#7 /home/lmirzay/public_html/projekat/wp-content/plugins/woocommerce/includes/class-wc-shortcodes.php(72): WC_Shortcode_Cart::output(Array)
#8 /home/lmirzay/public_html/projekat/wp-content/plugins/woocommerce/includes/class-wc-shortcodes.php(85): WC_Shortcodes::shortcode_wrapper(Array)
#9 /home/lmirzay/public_html/projekat/wp-includes/shortcodes.php(356): WC_Shortcodes::cart('', '', 'woocommerce_car...')
#10 [internal function]: do_shortcode_tag(Array)
#11 /home/lmirzay/public_html/projekat/wp-includes/shortcodes.php(228): preg_replace_callback('/\\[(\\[?)(woocom...', 'do_shortcode_ta...', '<!-- wp:shortco...')
#12 /home/lmirzay/public_html/projekat/wp-content/plugins/elementor/includes/base/widget-base.php(426): do_shortcode('<!-- wp:shortco...')
#13 /home/lmirzay/public_html/projekat/wp-content/plugins/elementor/includes/widgets/text-editor.php(416): Elementor\Widget_Base->parse_text_editor('<!-- wp:shortco...')
#14 /home/lmirzay/public_html/projekat/wp-content/plugins/elementor/includes/base/controls-stack.php(2254): Elementor\Widget_Text_Editor->render()
#15 /home/lmirzay/public_html/projekat/wp-content/plugins/elementor/includes/base/widget-base.php(609): Elementor\Controls_Stack->render_by_mode()
#16 /home/lmirzay/public_html/projekat/wp-content/plugins/elementor/includes/base/widget-base.php(750): Elementor\Widget_Base->render_content()
#17 /home/lmirzay/public_html/projekat/wp-content/plugins/elementor/includes/base/element-base.php(447): Elementor\Widget_Base->print_content()
#18 /home/lmirzay/public_html/projekat/wp-content/plugins/elementor/includes/base/element-base.php(787): Elementor\Element_Base->print_element()
#19 /home/lmirzay/public_html/projekat/wp-content/plugins/elementor/includes/base/element-base.php(447): Elementor\Element_Base->print_content()
#20 /home/lmirzay/public_html/projekat/wp-content/plugins/elementor/includes/base/element-base.php(787): Elementor\Element_Base->print_element()
#21 /home/lmirzay/public_html/projekat/wp-content/plugins/elementor/includes/base/element-base.php(447): Elementor\Element_Base->print_content()
#22 /home/lmirzay/public_html/projekat/wp-content/plugins/elementor/core/base/document.php(1635): Elementor\Element_Base->print_element()
#23 /home/lmirzay/public_html/projekat/wp-content/plugins/elementor/core/base/document.php(1086): Elementor\Core\Base\Document->print_elements(Array)
#24 /home/lmirzay/public_html/projekat/wp-content/plugins/elementor/includes/frontend.php(1092): Elementor\Core\Base\Document->print_elements_with_wrapper(Array)
#25 /home/lmirzay/public_html/projekat/wp-content/plugins/elementor/includes/frontend.php(1006): Elementor\Frontend->get_builder_content(120)
#26 /home/lmirzay/public_html/projekat/wp-includes/class-wp-hook.php(307): Elementor\Frontend->apply_builder_in_content('<p>[woocommerce...')
#27 /home/lmirzay/public_html/projekat/wp-includes/plugin.php(191): WP_Hook->apply_filters('<p>[woocommerce...', Array)
#28 /home/lmirzay/public_html/projekat/wp-includes/post-template.php(253): apply_filters('the_content', '<!-- wp:shortco...')
#29 /home/lmirzay/public_html/projekat/wp-content/themes/astra/template-parts/content-page.php(54): the_content()
#30 /home/lmirzay/public_html/projekat/wp-includes/template.php(772): require('/home/lmirzay/p...')
#31 /home/lmirzay/public_html/projekat/wp-includes/template.php(716): load_template('/home/lmirzay/p...', false, Array)
#32 /home/lmirzay/public_html/projekat/wp-includes/general-template.php(204): locate_template(Array, true, false, Array)
#33 /home/lmirzay/public_html/projekat/wp-content/themes/astra/inc/class-astra-loop.php(109): get_template_part('template-parts/...', 'page')
#34 /home/lmirzay/public_html/projekat/wp-includes/class-wp-hook.php(307): Astra_Loop->template_parts_page('')
#35 /home/lmirzay/public_html/projekat/wp-includes/class-wp-hook.php(331): WP_Hook->apply_filters('', Array)
#36 /home/lmirzay/public_html/projekat/wp-includes/plugin.php(476): WP_Hook->do_action(Array)
#37 /home/lmirzay/public_html/projekat/wp-content/themes/astra/inc/class-astra-loop.php(197): do_action('astra_page_temp...')
#38 /home/lmirzay/public_html/projekat/wp-content/themes/astra/inc/class-astra-loop.php(174): Astra_Loop->loop_markup(true)
#39 /home/lmirzay/public_html/projekat/wp-includes/class-wp-hook.php(307): Astra_Loop->loop_markup_page('')
#40 /home/lmirzay/public_html/projekat/wp-includes/class-wp-hook.php(331): WP_Hook->apply_filters('', Array)
#41 /home/lmirzay/public_html/projekat/wp-includes/plugin.php(476): WP_Hook->do_action(Array)
#42 /home/lmirzay/public_html/projekat/wp-content/themes/astra/inc/core/theme-hooks.php(267): do_action('astra_content_p...')
#43 /home/lmirzay/public_html/projekat/wp-content/themes/astra/page.php(32): astra_content_page_loop()
#44 /home/lmirzay/public_html/projekat/wp-includes/template-loader.php(106): include('/home/lmirzay/p...')
#45 /home/lmirzay/public_html/projekat/wp-blog-header.php(19): require_once('/home/lmirzay/p...')
#46 /home/lmirzay/public_html/projekat/index.php(17): require('/home/lmirzay/p...')
#47 {main}
  thrown in /home/lmirzay/public_html/projekat/wp-content/themes/astra-child/functions.php on line 45

2022-09-18T19:16:32+00:00 CRITICAL Uncaught Error: Call to undefined function esc_html_() in /home/lmirzay/public_html/projekat/wp-content/themes/astra-child/functions.php:45
Stack trace:
#0 /home/lmirzay/public_html/projekat/wp-includes/class-wp-hook.php(307): change_cart_text('Product', 'Product', 'woocommerce')
#1 /home/lmirzay/public_html/projekat/wp-includes/plugin.php(191): WP_Hook->apply_filters('Product', Array)
#2 /home/lmirzay/public_html/projekat/wp-includes/l10n.php(197): apply_filters('gettext', 'Product', 'Product', 'woocommerce')
#3 /home/lmirzay/public_html/projekat/wp-includes/l10n.php(379): translate('Product', 'woocommerce')
#4 /home/lmirzay/public_html/projekat/wp-content/plugins/woocommerce/templates/cart/cart.php(30): esc_html_e('Product', 'woocommerce')
#5 /home/lmirzay/public_html/projekat/wp-content/plugins/woocommerce/includes/wc-core-functions.php(345): include('/home/lmirzay/p...')
#6 /home/lmirzay/public_html/projekat/wp-content/plugins/woocommerce/includes/shortcodes/class-wc-shortcode-cart.php(99): wc_get_template('cart/cart.php')
#7 /home/lmirzay/public_html/projekat/wp-content/plugins/woocommerce/includes/class-wc-shortcodes.php(72): WC_Shortcode_Cart::output(Array)
#8 /home/lmirzay/public_html/projekat/wp-content/plugins/woocommerce/includes/class-wc-shortcodes.php(85): WC_Shortcodes::shortcode_wrapper(Array)
#9 /home/lmirzay/public_html/projekat/wp-includes/shortcodes.php(356): WC_Shortcodes::cart('', '', 'woocommerce_car...')
#10 [internal function]: do_shortcode_tag(Array)
#11 /home/lmirzay/public_html/projekat/wp-includes/shortcodes.php(228): preg_replace_callback('/\\[(\\[?)(woocom...', 'do_shortcode_ta...', '<!-- wp:shortco...')
#12 /home/lmirzay/public_html/projekat/wp-content/plugins/elementor/includes/base/widget-base.php(426): do_shortcode('<!-- wp:shortco...')
#13 /home/lmirzay/public_html/projekat/wp-content/plugins/elementor/includes/widgets/text-editor.php(416): Elementor\Widget_Base->parse_text_editor('<!-- wp:shortco...')
#14 /home/lmirzay/public_html/projekat/wp-content/plugins/elementor/includes/base/controls-stack.php(2254): Elementor\Widget_Text_Editor->render()
#15 /home/lmirzay/public_html/projekat/wp-content/plugins/elementor/includes/base/widget-base.php(609): Elementor\Controls_Stack->render_by_mode()
#16 /home/lmirzay/public_html/projekat/wp-content/plugins/elementor/includes/base/widget-base.php(750): Elementor\Widget_Base->render_content()
#17 /home/lmirzay/public_html/projekat/wp-content/plugins/elementor/includes/base/element-base.php(447): Elementor\Widget_Base->print_content()
#18 /home/lmirzay/public_html/projekat/wp-content/plugins/elementor/includes/base/element-base.php(787): Elementor\Element_Base->print_element()
#19 /home/lmirzay/public_html/projekat/wp-content/plugins/elementor/includes/base/element-base.php(447): Elementor\Element_Base->print_content()
#20 /home/lmirzay/public_html/projekat/wp-content/plugins/elementor/includes/base/element-base.php(787): Elementor\Element_Base->print_element()
#21 /home/lmirzay/public_html/projekat/wp-content/plugins/elementor/includes/base/element-base.php(447): Elementor\Element_Base->print_content()
#22 /home/lmirzay/public_html/projekat/wp-content/plugins/elementor/core/base/document.php(1635): Elementor\Element_Base->print_element()
#23 /home/lmirzay/public_html/projekat/wp-content/plugins/elementor/core/base/document.php(1086): Elementor\Core\Base\Document->print_elements(Array)
#24 /home/lmirzay/public_html/projekat/wp-content/plugins/elementor/includes/frontend.php(1092): Elementor\Core\Base\Document->print_elements_with_wrapper(Array)
#25 /home/lmirzay/public_html/projekat/wp-content/plugins/elementor/includes/frontend.php(1006): Elementor\Frontend->get_builder_content(120)
#26 /home/lmirzay/public_html/projekat/wp-includes/class-wp-hook.php(307): Elementor\Frontend->apply_builder_in_content('<p>[woocommerce...')
#27 /home/lmirzay/public_html/projekat/wp-includes/plugin.php(191): WP_Hook->apply_filters('<p>[woocommerce...', Array)
#28 /home/lmirzay/public_html/projekat/wp-includes/post-template.php(253): apply_filters('the_content', '<!-- wp:shortco...')
#29 /home/lmirzay/public_html/projekat/wp-content/themes/astra/template-parts/content-page.php(54): the_content()
#30 /home/lmirzay/public_html/projekat/wp-includes/template.php(772): require('/home/lmirzay/p...')
#31 /home/lmirzay/public_html/projekat/wp-includes/template.php(716): load_template('/home/lmirzay/p...', false, Array)
#32 /home/lmirzay/public_html/projekat/wp-includes/general-template.php(204): locate_template(Array, true, false, Array)
#33 /home/lmirzay/public_html/projekat/wp-content/themes/astra/inc/class-astra-loop.php(109): get_template_part('template-parts/...', 'page')
#34 /home/lmirzay/public_html/projekat/wp-includes/class-wp-hook.php(307): Astra_Loop->template_parts_page('')
#35 /home/lmirzay/public_html/projekat/wp-includes/class-wp-hook.php(331): WP_Hook->apply_filters('', Array)
#36 /home/lmirzay/public_html/projekat/wp-includes/plugin.php(476): WP_Hook->do_action(Array)
#37 /home/lmirzay/public_html/projekat/wp-content/themes/astra/inc/class-astra-loop.php(197): do_action('astra_page_temp...')
#38 /home/lmirzay/public_html/projekat/wp-content/themes/astra/inc/class-astra-loop.php(174): Astra_Loop->loop_markup(true)
#39 /home/lmirzay/public_html/projekat/wp-includes/class-wp-hook.php(307): Astra_Loop->loop_markup_page('')
#40 /home/lmirzay/public_html/projekat/wp-includes/class-wp-hook.php(331): WP_Hook->apply_filters('', Array)
#41 /home/lmirzay/public_html/projekat/wp-includes/plugin.php(476): WP_Hook->do_action(Array)
#42 /home/lmirzay/public_html/projekat/wp-content/themes/astra/inc/core/theme-hooks.php(267): do_action('astra_content_p...')
#43 /home/lmirzay/public_html/projekat/wp-content/themes/astra/page.php(32): astra_content_page_loop()
#44 /home/lmirzay/public_html/projekat/wp-includes/template-loader.php(106): include('/home/lmirzay/p...')
#45 /home/lmirzay/public_html/projekat/wp-blog-header.php(19): require_once('/home/lmirzay/p...')
#46 /home/lmirzay/public_html/projekat/index.php(17): require('/home/lmirzay/p...')
#47 {main}
  thrown in /home/lmirzay/public_html/projekat/wp-content/themes/astra-child/functions.php on line 45

2022-09-18T19:17:15+00:00 CRITICAL Uncaught Error: Call to undefined function esc_html_() in /home/lmirzay/public_html/projekat/wp-content/themes/astra-child/functions.php:45
Stack trace:
#0 /home/lmirzay/public_html/projekat/wp-includes/class-wp-hook.php(307): change_cart_text('Product', 'Product', 'woocommerce')
#1 /home/lmirzay/public_html/projekat/wp-includes/plugin.php(191): WP_Hook->apply_filters('Product', Array)
#2 /home/lmirzay/public_html/projekat/wp-includes/l10n.php(197): apply_filters('gettext', 'Product', 'Product', 'woocommerce')
#3 /home/lmirzay/public_html/projekat/wp-includes/l10n.php(379): translate('Product', 'woocommerce')
#4 /home/lmirzay/public_html/projekat/wp-content/plugins/woocommerce/templates/cart/cart.php(30): esc_html_e('Product', 'woocommerce')
#5 /home/lmirzay/public_html/projekat/wp-content/plugins/woocommerce/includes/wc-core-functions.php(345): include('/home/lmirzay/p...')
#6 /home/lmirzay/public_html/projekat/wp-content/plugins/woocommerce/includes/shortcodes/class-wc-shortcode-cart.php(99): wc_get_template('cart/cart.php')
#7 /home/lmirzay/public_html/projekat/wp-content/plugins/woocommerce/includes/class-wc-shortcodes.php(72): WC_Shortcode_Cart::output(Array)
#8 /home/lmirzay/public_html/projekat/wp-content/plugins/woocommerce/includes/class-wc-shortcodes.php(85): WC_Shortcodes::shortcode_wrapper(Array)
#9 /home/lmirzay/public_html/projekat/wp-includes/shortcodes.php(356): WC_Shortcodes::cart('', '', 'woocommerce_car...')
#10 [internal function]: do_shortcode_tag(Array)
#11 /home/lmirzay/public_html/projekat/wp-includes/shortcodes.php(228): preg_replace_callback('/\\[(\\[?)(woocom...', 'do_shortcode_ta...', '<!-- wp:shortco...')
#12 /home/lmirzay/public_html/projekat/wp-content/plugins/elementor/includes/base/widget-base.php(426): do_shortcode('<!-- wp:shortco...')
#13 /home/lmirzay/public_html/projekat/wp-content/plugins/elementor/includes/widgets/text-editor.php(416): Elementor\Widget_Base->parse_text_editor('<!-- wp:shortco...')
#14 /home/lmirzay/public_html/projekat/wp-content/plugins/elementor/includes/base/controls-stack.php(2254): Elementor\Widget_Text_Editor->render()
#15 /home/lmirzay/public_html/projekat/wp-content/plugins/elementor/includes/base/widget-base.php(609): Elementor\Controls_Stack->render_by_mode()
#16 /home/lmirzay/public_html/projekat/wp-content/plugins/elementor/includes/base/widget-base.php(750): Elementor\Widget_Base->render_content()
#17 /home/lmirzay/public_html/projekat/wp-content/plugins/elementor/includes/base/element-base.php(447): Elementor\Widget_Base->print_content()
#18 /home/lmirzay/public_html/projekat/wp-content/plugins/elementor/includes/base/element-base.php(787): Elementor\Element_Base->print_element()
#19 /home/lmirzay/public_html/projekat/wp-content/plugins/elementor/includes/base/element-base.php(447): Elementor\Element_Base->print_content()
#20 /home/lmirzay/public_html/projekat/wp-content/plugins/elementor/includes/base/element-base.php(787): Elementor\Element_Base->print_element()
#21 /home/lmirzay/public_html/projekat/wp-content/plugins/elementor/includes/base/element-base.php(447): Elementor\Element_Base->print_content()
#22 /home/lmirzay/public_html/projekat/wp-content/plugins/elementor/core/base/document.php(1635): Elementor\Element_Base->print_element()
#23 /home/lmirzay/public_html/projekat/wp-content/plugins/elementor/core/base/document.php(1086): Elementor\Core\Base\Document->print_elements(Array)
#24 /home/lmirzay/public_html/projekat/wp-content/plugins/elementor/includes/frontend.php(1092): Elementor\Core\Base\Document->print_elements_with_wrapper(Array)
#25 /home/lmirzay/public_html/projekat/wp-content/plugins/elementor/includes/frontend.php(1006): Elementor\Frontend->get_builder_content(120)
#26 /home/lmirzay/public_html/projekat/wp-includes/class-wp-hook.php(307): Elementor\Frontend->apply_builder_in_content('<p>[woocommerce...')
#27 /home/lmirzay/public_html/projekat/wp-includes/plugin.php(191): WP_Hook->apply_filters('<p>[woocommerce...', Array)
#28 /home/lmirzay/public_html/projekat/wp-includes/post-template.php(253): apply_filters('the_content', '<!-- wp:shortco...')
#29 /home/lmirzay/public_html/projekat/wp-content/themes/astra/template-parts/content-page.php(54): the_content()
#30 /home/lmirzay/public_html/projekat/wp-includes/template.php(772): require('/home/lmirzay/p...')
#31 /home/lmirzay/public_html/projekat/wp-includes/template.php(716): load_template('/home/lmirzay/p...', false, Array)
#32 /home/lmirzay/public_html/projekat/wp-includes/general-template.php(204): locate_template(Array, true, false, Array)
#33 /home/lmirzay/public_html/projekat/wp-content/themes/astra/inc/class-astra-loop.php(109): get_template_part('template-parts/...', 'page')
#34 /home/lmirzay/public_html/projekat/wp-includes/class-wp-hook.php(307): Astra_Loop->template_parts_page('')
#35 /home/lmirzay/public_html/projekat/wp-includes/class-wp-hook.php(331): WP_Hook->apply_filters('', Array)
#36 /home/lmirzay/public_html/projekat/wp-includes/plugin.php(476): WP_Hook->do_action(Array)
#37 /home/lmirzay/public_html/projekat/wp-content/themes/astra/inc/class-astra-loop.php(197): do_action('astra_page_temp...')
#38 /home/lmirzay/public_html/projekat/wp-content/themes/astra/inc/class-astra-loop.php(174): Astra_Loop->loop_markup(true)
#39 /home/lmirzay/public_html/projekat/wp-includes/class-wp-hook.php(307): Astra_Loop->loop_markup_page('')
#40 /home/lmirzay/public_html/projekat/wp-includes/class-wp-hook.php(331): WP_Hook->apply_filters('', Array)
#41 /home/lmirzay/public_html/projekat/wp-includes/plugin.php(476): WP_Hook->do_action(Array)
#42 /home/lmirzay/public_html/projekat/wp-content/themes/astra/inc/core/theme-hooks.php(267): do_action('astra_content_p...')
#43 /home/lmirzay/public_html/projekat/wp-content/themes/astra/page.php(32): astra_content_page_loop()
#44 /home/lmirzay/public_html/projekat/wp-includes/template-loader.php(106): include('/home/lmirzay/p...')
#45 /home/lmirzay/public_html/projekat/wp-blog-header.php(19): require_once('/home/lmirzay/p...')
#46 /home/lmirzay/public_html/projekat/index.php(17): require('/home/lmirzay/p...')
#47 {main}
  thrown in /home/lmirzay/public_html/projekat/wp-content/themes/astra-child/functions.php on line 45

2022-09-18T19:24:29+00:00 CRITICAL Uncaught Error: Call to undefined function esc_html_() in /home/lmirzay/public_html/projekat/wp-content/themes/astra-child/functions.php:45
Stack trace:
#0 /home/lmirzay/public_html/projekat/wp-includes/class-wp-hook.php(307): change_cart_text('Product', 'Product', 'woocommerce')
#1 /home/lmirzay/public_html/projekat/wp-includes/plugin.php(191): WP_Hook->apply_filters('Product', Array)
#2 /home/lmirzay/public_html/projekat/wp-includes/l10n.php(197): apply_filters('gettext', 'Product', 'Product', 'woocommerce')
#3 /home/lmirzay/public_html/projekat/wp-includes/l10n.php(379): translate('Product', 'woocommerce')
#4 /home/lmirzay/public_html/projekat/wp-content/plugins/woocommerce/templates/cart/cart.php(30): esc_html_e('Product', 'woocommerce')
#5 /home/lmirzay/public_html/projekat/wp-content/plugins/woocommerce/includes/wc-core-functions.php(345): include('/home/lmirzay/p...')
#6 /home/lmirzay/public_html/projekat/wp-content/plugins/woocommerce/includes/shortcodes/class-wc-shortcode-cart.php(99): wc_get_template('cart/cart.php')
#7 /home/lmirzay/public_html/projekat/wp-content/plugins/woocommerce/includes/class-wc-shortcodes.php(72): WC_Shortcode_Cart::output(Array)
#8 /home/lmirzay/public_html/projekat/wp-content/plugins/woocommerce/includes/class-wc-shortcodes.php(85): WC_Shortcodes::shortcode_wrapper(Array)
#9 /home/lmirzay/public_html/projekat/wp-includes/shortcodes.php(356): WC_Shortcodes::cart('', '', 'woocommerce_car...')
#10 [internal function]: do_shortcode_tag(Array)
#11 /home/lmirzay/public_html/projekat/wp-includes/shortcodes.php(228): preg_replace_callback('/\\[(\\[?)(woocom...', 'do_shortcode_ta...', '<!-- wp:shortco...')
#12 /home/lmirzay/public_html/projekat/wp-content/plugins/elementor/includes/base/widget-base.php(426): do_shortcode('<!-- wp:shortco...')
#13 /home/lmirzay/public_html/projekat/wp-content/plugins/elementor/includes/widgets/text-editor.php(416): Elementor\Widget_Base->parse_text_editor('<!-- wp:shortco...')
#14 /home/lmirzay/public_html/projekat/wp-content/plugins/elementor/includes/base/controls-stack.php(2254): Elementor\Widget_Text_Editor->render()
#15 /home/lmirzay/public_html/projekat/wp-content/plugins/elementor/includes/base/widget-base.php(609): Elementor\Controls_Stack->render_by_mode()
#16 /home/lmirzay/public_html/projekat/wp-content/plugins/elementor/includes/base/widget-base.php(750): Elementor\Widget_Base->render_content()
#17 /home/lmirzay/public_html/projekat/wp-content/plugins/elementor/includes/base/element-base.php(447): Elementor\Widget_Base->print_content()
#18 /home/lmirzay/public_html/projekat/wp-content/plugins/elementor/includes/base/element-base.php(787): Elementor\Element_Base->print_element()
#19 /home/lmirzay/public_html/projekat/wp-content/plugins/elementor/includes/base/element-base.php(447): Elementor\Element_Base->print_content()
#20 /home/lmirzay/public_html/projekat/wp-content/plugins/elementor/includes/base/element-base.php(787): Elementor\Element_Base->print_element()
#21 /home/lmirzay/public_html/projekat/wp-content/plugins/elementor/includes/base/element-base.php(447): Elementor\Element_Base->print_content()
#22 /home/lmirzay/public_html/projekat/wp-content/plugins/elementor/core/base/document.php(1635): Elementor\Element_Base->print_element()
#23 /home/lmirzay/public_html/projekat/wp-content/plugins/elementor/core/base/document.php(1086): Elementor\Core\Base\Document->print_elements(Array)
#24 /home/lmirzay/public_html/projekat/wp-content/plugins/elementor/includes/frontend.php(1092): Elementor\Core\Base\Document->print_elements_with_wrapper(Array)
#25 /home/lmirzay/public_html/projekat/wp-content/plugins/elementor/includes/frontend.php(1006): Elementor\Frontend->get_builder_content(120)
#26 /home/lmirzay/public_html/projekat/wp-includes/class-wp-hook.php(307): Elementor\Frontend->apply_builder_in_content('<p>[woocommerce...')
#27 /home/lmirzay/public_html/projekat/wp-includes/plugin.php(191): WP_Hook->apply_filters('<p>[woocommerce...', Array)
#28 /home/lmirzay/public_html/projekat/wp-includes/post-template.php(253): apply_filters('the_content', '<!-- wp:shortco...')
#29 /home/lmirzay/public_html/projekat/wp-content/themes/astra/template-parts/content-page.php(54): the_content()
#30 /home/lmirzay/public_html/projekat/wp-includes/template.php(772): require('/home/lmirzay/p...')
#31 /home/lmirzay/public_html/projekat/wp-includes/template.php(716): load_template('/home/lmirzay/p...', false, Array)
#32 /home/lmirzay/public_html/projekat/wp-includes/general-template.php(204): locate_template(Array, true, false, Array)
#33 /home/lmirzay/public_html/projekat/wp-content/themes/astra/inc/class-astra-loop.php(109): get_template_part('template-parts/...', 'page')
#34 /home/lmirzay/public_html/projekat/wp-includes/class-wp-hook.php(307): Astra_Loop->template_parts_page('')
#35 /home/lmirzay/public_html/projekat/wp-includes/class-wp-hook.php(331): WP_Hook->apply_filters('', Array)
#36 /home/lmirzay/public_html/projekat/wp-includes/plugin.php(476): WP_Hook->do_action(Array)
#37 /home/lmirzay/public_html/projekat/wp-content/themes/astra/inc/class-astra-loop.php(197): do_action('astra_page_temp...')
#38 /home/lmirzay/public_html/projekat/wp-content/themes/astra/inc/class-astra-loop.php(174): Astra_Loop->loop_markup(true)
#39 /home/lmirzay/public_html/projekat/wp-includes/class-wp-hook.php(307): Astra_Loop->loop_markup_page('')
#40 /home/lmirzay/public_html/projekat/wp-includes/class-wp-hook.php(331): WP_Hook->apply_filters('', Array)
#41 /home/lmirzay/public_html/projekat/wp-includes/plugin.php(476): WP_Hook->do_action(Array)
#42 /home/lmirzay/public_html/projekat/wp-content/themes/astra/inc/core/theme-hooks.php(267): do_action('astra_content_p...')
#43 /home/lmirzay/public_html/projekat/wp-content/themes/astra/page.php(32): astra_content_page_loop()
#44 /home/lmirzay/public_html/projekat/wp-includes/template-loader.php(106): include('/home/lmirzay/p...')
#45 /home/lmirzay/public_html/projekat/wp-blog-header.php(19): require_once('/home/lmirzay/p...')
#46 /home/lmirzay/public_html/projekat/index.php(17): require('/home/lmirzay/p...')
#47 {main}
  thrown in /home/lmirzay/public_html/projekat/wp-content/themes/astra-child/functions.php on line 45

2022-09-18T19:27:03+00:00 CRITICAL Uncaught Error: Call to undefined function esc_html_() in /home/lmirzay/public_html/projekat/wp-content/themes/astra-child/functions.php:116
Stack trace:
#0 /home/lmirzay/public_html/projekat/wp-includes/class-wp-hook.php(307): change_cart_text('Product', 'Product', 'woocommerce')
#1 /home/lmirzay/public_html/projekat/wp-includes/plugin.php(191): WP_Hook->apply_filters('Product', Array)
#2 /home/lmirzay/public_html/projekat/wp-includes/l10n.php(197): apply_filters('gettext', 'Product', 'Product', 'woocommerce')
#3 /home/lmirzay/public_html/projekat/wp-includes/l10n.php(379): translate('Product', 'woocommerce')
#4 /home/lmirzay/public_html/projekat/wp-content/plugins/woocommerce/templates/cart/cart.php(30): esc_html_e('Product', 'woocommerce')
#5 /home/lmirzay/public_html/projekat/wp-content/plugins/woocommerce/includes/wc-core-functions.php(345): include('/home/lmirzay/p...')
#6 /home/lmirzay/public_html/projekat/wp-content/plugins/woocommerce/includes/shortcodes/class-wc-shortcode-cart.php(99): wc_get_template('cart/cart.php')
#7 /home/lmirzay/public_html/projekat/wp-content/plugins/woocommerce/includes/class-wc-shortcodes.php(72): WC_Shortcode_Cart::output(Array)
#8 /home/lmirzay/public_html/projekat/wp-content/plugins/woocommerce/includes/class-wc-shortcodes.php(85): WC_Shortcodes::shortcode_wrapper(Array)
#9 /home/lmirzay/public_html/projekat/wp-includes/shortcodes.php(356): WC_Shortcodes::cart('', '', 'woocommerce_car...')
#10 [internal function]: do_shortcode_tag(Array)
#11 /home/lmirzay/public_html/projekat/wp-includes/shortcodes.php(228): preg_replace_callback('/\\[(\\[?)(woocom...', 'do_shortcode_ta...', '<!-- wp:shortco...')
#12 /home/lmirzay/public_html/projekat/wp-content/plugins/elementor/includes/base/widget-base.php(426): do_shortcode('<!-- wp:shortco...')
#13 /home/lmirzay/public_html/projekat/wp-content/plugins/elementor/includes/widgets/text-editor.php(416): Elementor\Widget_Base->parse_text_editor('<!-- wp:shortco...')
#14 /home/lmirzay/public_html/projekat/wp-content/plugins/elementor/includes/base/controls-stack.php(2254): Elementor\Widget_Text_Editor->render()
#15 /home/lmirzay/public_html/projekat/wp-content/plugins/elementor/includes/base/widget-base.php(609): Elementor\Controls_Stack->render_by_mode()
#16 /home/lmirzay/public_html/projekat/wp-content/plugins/elementor/includes/base/widget-base.php(750): Elementor\Widget_Base->render_content()
#17 /home/lmirzay/public_html/projekat/wp-content/plugins/elementor/includes/base/element-base.php(447): Elementor\Widget_Base->print_content()
#18 /home/lmirzay/public_html/projekat/wp-content/plugins/elementor/includes/base/element-base.php(787): Elementor\Element_Base->print_element()
#19 /home/lmirzay/public_html/projekat/wp-content/plugins/elementor/includes/base/element-base.php(447): Elementor\Element_Base->print_content()
#20 /home/lmirzay/public_html/projekat/wp-content/plugins/elementor/includes/base/element-base.php(787): Elementor\Element_Base->print_element()
#21 /home/lmirzay/public_html/projekat/wp-content/plugins/elementor/includes/base/element-base.php(447): Elementor\Element_Base->print_content()
#22 /home/lmirzay/public_html/projekat/wp-content/plugins/elementor/core/base/document.php(1635): Elementor\Element_Base->print_element()
#23 /home/lmirzay/public_html/projekat/wp-content/plugins/elementor/core/base/document.php(1086): Elementor\Core\Base\Document->print_elements(Array)
#24 /home/lmirzay/public_html/projekat/wp-content/plugins/elementor/includes/frontend.php(1092): Elementor\Core\Base\Document->print_elements_with_wrapper(Array)
#25 /home/lmirzay/public_html/projekat/wp-content/plugins/elementor/includes/frontend.php(1006): Elementor\Frontend->get_builder_content(120)
#26 /home/lmirzay/public_html/projekat/wp-includes/class-wp-hook.php(307): Elementor\Frontend->apply_builder_in_content('<p>[woocommerce...')
#27 /home/lmirzay/public_html/projekat/wp-includes/plugin.php(191): WP_Hook->apply_filters('<p>[woocommerce...', Array)
#28 /home/lmirzay/public_html/projekat/wp-includes/post-template.php(253): apply_filters('the_content', '<!-- wp:shortco...')
#29 /home/lmirzay/public_html/projekat/wp-content/themes/astra/template-parts/content-page.php(54): the_content()
#30 /home/lmirzay/public_html/projekat/wp-includes/template.php(772): require('/home/lmirzay/p...')
#31 /home/lmirzay/public_html/projekat/wp-includes/template.php(716): load_template('/home/lmirzay/p...', false, Array)
#32 /home/lmirzay/public_html/projekat/wp-includes/general-template.php(204): locate_template(Array, true, false, Array)
#33 /home/lmirzay/public_html/projekat/wp-content/themes/astra/inc/class-astra-loop.php(109): get_template_part('template-parts/...', 'page')
#34 /home/lmirzay/public_html/projekat/wp-includes/class-wp-hook.php(307): Astra_Loop->template_parts_page('')
#35 /home/lmirzay/public_html/projekat/wp-includes/class-wp-hook.php(331): WP_Hook->apply_filters('', Array)
#36 /home/lmirzay/public_html/projekat/wp-includes/plugin.php(476): WP_Hook->do_action(Array)
#37 /home/lmirzay/public_html/projekat/wp-content/themes/astra/inc/class-astra-loop.php(197): do_action('astra_page_temp...')
#38 /home/lmirzay/public_html/projekat/wp-content/themes/astra/inc/class-astra-loop.php(174): Astra_Loop->loop_markup(true)
#39 /home/lmirzay/public_html/projekat/wp-includes/class-wp-hook.php(307): Astra_Loop->loop_markup_page('')
#40 /home/lmirzay/public_html/projekat/wp-includes/class-wp-hook.php(331): WP_Hook->apply_filters('', Array)
#41 /home/lmirzay/public_html/projekat/wp-includes/plugin.php(476): WP_Hook->do_action(Array)
#42 /home/lmirzay/public_html/projekat/wp-content/themes/astra/inc/core/theme-hooks.php(267): do_action('astra_content_p...')
#43 /home/lmirzay/public_html/projekat/wp-content/themes/astra/page.php(32): astra_content_page_loop()
#44 /home/lmirzay/public_html/projekat/wp-includes/template-loader.php(106): include('/home/lmirzay/p...')
#45 /home/lmirzay/public_html/projekat/wp-blog-header.php(19): require_once('/home/lmirzay/p...')
#46 /home/lmirzay/public_html/projekat/index.php(17): require('/home/lmirzay/p...')
#47 {main}
  thrown in /home/lmirzay/public_html/projekat/wp-content/themes/astra-child/functions.php on line 116

2022-09-18T19:51:26+00:00 CRITICAL Uncaught TypeError: call_user_func_array(): Argument #1 ($callback) must be a valid callback, function "wp_print_media_templates" not found or invalid function name in /home/lmirzay/public_html/projekat/wp-includes/class-wp-hook.php:307
Stack trace:
#0 /home/lmirzay/public_html/projekat/wp-includes/class-wp-hook.php(331): WP_Hook->apply_filters(NULL, Array)
#1 /home/lmirzay/public_html/projekat/wp-includes/plugin.php(476): WP_Hook->do_action(Array)
#2 /home/lmirzay/public_html/projekat/wp-includes/script-loader.php(2139): do_action('wp_print_footer...')
#3 /home/lmirzay/public_html/projekat/wp-content/plugins/user-registration/includes/admin/class-ur-admin-welcome.php(208): wp_print_footer_scripts()
#4 /home/lmirzay/public_html/projekat/wp-content/plugins/user-registration/includes/admin/class-ur-admin-welcome.php(78): UR_Admin_Welcome::setup_wizard_footer()
#5 /home/lmirzay/public_html/projekat/wp-includes/class-wp-hook.php(307): UR_Admin_Welcome::welcome_page('')
#6 /home/lmirzay/public_html/projekat/wp-includes/class-wp-hook.php(331): WP_Hook->apply_filters(NULL, Array)
#7 /home/lmirzay/public_html/projekat/wp-includes/plugin.php(476): WP_Hook->do_action(Array)
#8 /home/lmirzay/public_html/projekat/wp-admin/admin.php(175): do_action('admin_init')
#9 /home/lmirzay/public_html/projekat/wp-admin/index.php(10): require_once('/home/lmirzay/p...')
#10 {main}
  thrown in /home/lmirzay/public_html/projekat/wp-includes/class-wp-hook.php on line 307

